<?xml version="1.0" encoding="UTF-8"?>
<testsuite xmlns:xsi="http://www.w3.org/2001/XMLSchema-instance" xsi:noNamespaceSchemaLocation="https://maven.apache.org/surefire/maven-surefire-plugin/xsd/surefire-test-report-3.0.xsd" version="3.0" name="cucumberOptions.TestngTestRunner" time="31.925" tests="11" errors="0" skipped="0" failures="0">
  <properties>
[...]
</properties>
  <testcase name="runScenario[&quot;Homepage default login&quot;, &quot;Optional[Application login]&quot;](1)" classname="cucumberOptions.TestngTestRunner" time="0.137">
    <system-out><![CDATA[User is on netbanking page
Test
123
User is on page
True
]]></system-out>
  </testcase>
  <testcase name="runScenario[&quot;Homepage default login&quot;, &quot;Optional[Application login]&quot;](2)" classname="cucumberOptions.TestngTestRunner" time="0.003">
    <system-out><![CDATA[User is on netbanking page
Test
123
User is on page
True
]]></system-out>
  </testcase>
  <testcase name="runScenario[&quot;Homepage default login&quot;, &quot;Optional[Application login]&quot;](3)" classname="cucumberOptions.TestngTestRunner" time="0.005">
    <system-out><![CDATA[User is on netbanking page
TT
234
User is on page
False
Steps Execution Over
]]></system-out>
  </testcase>
  <testcase name="runScenario[&quot;Homepage default login&quot;, &quot;Optional[Application login]&quot;](4)" classname="cucumberOptions.TestngTestRunner" time="0.008">
    <system-out><![CDATA[User is on netbanking page
TT
234
User is on page
Test
1234
Test@gmail.com
2345666322
]]></system-out>
  </testcase>
  <testcase name="runScenario[&quot;Homepage default login&quot;, &quot;Optional[Application login]&quot;](5)" classname="cucumberOptions.TestngTestRunner" time="0.005">
    <system-out><![CDATA[User is on netbanking page
User1
1238
User is on page
]]></system-out>
  </testcase>
  <testcase name="runScenario[&quot;Homepage default login&quot;, &quot;Optional[Application login]&quot;](6)" classname="cucumberOptions.TestngTestRunner" time="0.003">
    <system-out><![CDATA[User is on netbanking page
User2
1236
User is on page
]]></system-out>
  </testcase>
  <testcase name="runScenario[&quot;Homepage default login&quot;, &quot;Optional[Application login]&quot;](7)" classname="cucumberOptions.TestngTestRunner" time="0.004">
    <system-out><![CDATA[User is on netbanking page
User3
1235
User is on page
]]></system-out>
  </testcase>
  <testcase name="runScenario[&quot;Homepage default login&quot;, &quot;Optional[Application login]&quot;](8)" classname="cucumberOptions.TestngTestRunner" time="0.004">
    <system-out><![CDATA[User is on netbanking page
User3
1234
User is on page
]]></system-out>
  </testcase>
  <testcase name="runScenario[&quot;Search for items and validate results&quot;, &quot;Optional[Search and place order for Vegetables]&quot;](9)" classname="cucumberOptions.TestngTestRunner" time="6.662">
    <system-err><![CDATA[SLF4J: Failed to load class "org.slf4j.impl.StaticLoggerBinder".
SLF4J: Defaulting to no-operation (NOP) logger implementation
SLF4J: See http://www.slf4j.org/codes.html#StaticLoggerBinder for further details.
Starting ChromeDriver 93.0.4577.15 (660fc11082ba57405eca2e8c49c3e1af756fbfae-refs/branch-heads/4577@{#203}) on port 19244
Only local connections are allowed.
Please see https://chromedriver.chromium.org/security-considerations for suggestions on keeping ChromeDriver safe.
ChromeDriver was started successfully.
Sep 09, 2021 4:50:27 PM org.openqa.selenium.remote.ProtocolHandshake createSession
INFO: Detected dialect: W3C
Sep 09, 2021 4:50:27 PM org.openqa.selenium.devtools.CdpVersionFinder findNearestMatch
INFO: Found exact CDP implementation for version 93
]]></system-err>
  </testcase>
  <testcase name="runScenario[&quot;Search for items and then move to checkout page&quot;, &quot;Optional[Search and place order for Vegetables]&quot;](10)" classname="cucumberOptions.TestngTestRunner" time="12.221">
    <system-err><![CDATA[Starting ChromeDriver 93.0.4577.15 (660fc11082ba57405eca2e8c49c3e1af756fbfae-refs/branch-heads/4577@{#203}) on port 44617
Only local connections are allowed.
Please see https://chromedriver.chromium.org/security-considerations for suggestions on keeping ChromeDriver safe.
ChromeDriver was started successfully.
Sep 09, 2021 4:50:33 PM org.openqa.selenium.remote.ProtocolHandshake createSession
INFO: Detected dialect: W3C
Sep 09, 2021 4:50:33 PM org.openqa.selenium.devtools.CdpVersionFinder findNearestMatch
INFO: Found exact CDP implementation for version 93
]]></system-err>
  </testcase>
  <testcase name="runScenario[&quot;Search for items and then move to checkout page&quot;, &quot;Optional[Search and place order for Vegetables]&quot;](11)" classname="cucumberOptions.TestngTestRunner" time="12.204">
    <system-err><![CDATA[Starting ChromeDriver 93.0.4577.15 (660fc11082ba57405eca2e8c49c3e1af756fbfae-refs/branch-heads/4577@{#203}) on port 24901
Only local connections are allowed.
Please see https://chromedriver.chromium.org/security-considerations for suggestions on keeping ChromeDriver safe.
ChromeDriver was started successfully.
Sep 09, 2021 4:50:46 PM org.openqa.selenium.remote.ProtocolHandshake createSession
INFO: Detected dialect: W3C
Sep 09, 2021 4:50:46 PM org.openqa.selenium.devtools.CdpVersionFinder findNearestMatch
INFO: Found exact CDP implementation for version 93
]]></system-err>
  </testcase>
</testsuite>