<?xml version="1.0" encoding="UTF-8"?>
<testsuite xmlns:xsi="http://www.w3.org/2001/XMLSchema-instance" xsi:noNamespaceSchemaLocation="https://maven.apache.org/surefire/maven-surefire-plugin/xsd/surefire-test-report-3.0.xsd" version="3.0" name="TestSuite" time="0.718" tests="9" errors="0" skipped="0" failures="0">
  <properties>
[...]
</properties>
  <testcase name="runScenario[&quot;Homepage default login&quot;, &quot;Optional[Application login]&quot;](1)" classname="cucumberOptions.TestngTestRunner" time="0.113">
    <system-out><![CDATA[User is on netbanking page
Test
123
User is on page
True
]]></system-out>
  </testcase>
  <testcase name="runScenario[&quot;Homepage default login&quot;, &quot;Optional[Application login]&quot;](2)" classname="cucumberOptions.TestngTestRunner" time="0.002">
    <system-out><![CDATA[User is on netbanking page
Test
123
User is on page
True
]]></system-out>
  </testcase>
  <testcase name="runScenario[&quot;Homepage default login&quot;, &quot;Optional[Application login]&quot;](3)" classname="cucumberOptions.TestngTestRunner" time="0.003">
    <system-out><![CDATA[User is on netbanking page
TT
234
User is on page
False
]]></system-out>
  </testcase>
  <testcase name="runScenario[&quot;Homepage default login&quot;, &quot;Optional[Application login]&quot;](4)" classname="cucumberOptions.TestngTestRunner" time="0.008">
    <system-out><![CDATA[User is on netbanking page
TT
234
User is on page
Test
1234
Test@gmail.com
2345666322
]]></system-out>
  </testcase>
  <testcase name="runScenario[&quot;Homepage default login&quot;, &quot;Optional[Application login]&quot;](5)" classname="cucumberOptions.TestngTestRunner" time="0.004">
    <system-out><![CDATA[User is on netbanking page
User1
1238
User is on page
]]></system-out>
  </testcase>
  <testcase name="runScenario[&quot;Homepage default login&quot;, &quot;Optional[Application login]&quot;](6)" classname="cucumberOptions.TestngTestRunner" time="0.002">
    <system-out><![CDATA[User is on netbanking page
User2
1236
User is on page
]]></system-out>
  </testcase>
  <testcase name="runScenario[&quot;Homepage default login&quot;, &quot;Optional[Application login]&quot;](7)" classname="cucumberOptions.TestngTestRunner" time="0.002">
    <system-out><![CDATA[User is on netbanking page
User3
1235
User is on page
]]></system-out>
  </testcase>
  <testcase name="runScenario[&quot;Homepage default login&quot;, &quot;Optional[Application login]&quot;](8)" classname="cucumberOptions.TestngTestRunner" time="0.003">
    <system-out><![CDATA[User is on netbanking page
User3
1234
User is on page
]]></system-out>
  </testcase>
  <testcase name="shouldAnswerWithTrue on shouldAnswerWithTrue(Cucumber.Automation.AppTest)" classname="Cucumber.Automation.AppTest" time="0">
    <system-err><![CDATA[&amp#27;[32m&amp#27;[1m┌───────────────────────────────────────────────────────────────────────────────────┐&amp#27;[0m
&amp#27;[32m&amp#27;[1m│&amp#27;[0m Share your Cucumber Report with your team at &amp#27;[36m&amp#27;[1m&amp#27;[4mhttps://reports.cucumber.io&amp#27;[0m          &amp#27;[32m&amp#27;[1m│&amp#27;[0m
&amp#27;[32m&amp#27;[1m│&amp#27;[0m Activate publishing with one of the following:                                    &amp#27;[32m&amp#27;[1m│&amp#27;[0m
&amp#27;[32m&amp#27;[1m│&amp#27;[0m                                                                                   &amp#27;[32m&amp#27;[1m│&amp#27;[0m
&amp#27;[32m&amp#27;[1m│&amp#27;[0m src/test/resources/cucumber.properties:          &amp#27;[36mcucumber.publish.enabled&amp#27;[0m=&amp#27;[36mtrue&amp#27;[0m    &amp#27;[32m&amp#27;[1m│&amp#27;[0m
&amp#27;[32m&amp#27;[1m│&amp#27;[0m src/test/resources/junit-platform.properties:    &amp#27;[36mcucumber.publish.enabled&amp#27;[0m=&amp#27;[36mtrue&amp#27;[0m    &amp#27;[32m&amp#27;[1m│&amp#27;[0m
&amp#27;[32m&amp#27;[1m│&amp#27;[0m Environment variable:                            &amp#27;[36mCUCUMBER_PUBLISH_ENABLED&amp#27;[0m=&amp#27;[36mtrue&amp#27;[0m    &amp#27;[32m&amp#27;[1m│&amp#27;[0m
&amp#27;[32m&amp#27;[1m│&amp#27;[0m JUnit:                                           &amp#27;[36m@CucumberOptions&amp#27;[0m(publish = &amp#27;[36mtrue&amp#27;[0m) &amp#27;[32m&amp#27;[1m│&amp#27;[0m
&amp#27;[32m&amp#27;[1m│&amp#27;[0m                                                                                   &amp#27;[32m&amp#27;[1m│&amp#27;[0m
&amp#27;[32m&amp#27;[1m│&amp#27;[0m More information at &amp#27;[36mhttps://cucumber.io/docs/cucumber/environment-variables/&amp#27;[0m      &amp#27;[32m&amp#27;[1m│&amp#27;[0m
&amp#27;[32m&amp#27;[1m│&amp#27;[0m                                                                                   &amp#27;[32m&amp#27;[1m│&amp#27;[0m
&amp#27;[32m&amp#27;[1m│&amp#27;[0m Disable this message with one of the following:                                   &amp#27;[32m&amp#27;[1m│&amp#27;[0m
&amp#27;[32m&amp#27;[1m│&amp#27;[0m                                                                                   &amp#27;[32m&amp#27;[1m│&amp#27;[0m
&amp#27;[32m&amp#27;[1m│&amp#27;[0m src/test/resources/cucumber.properties:          &amp#27;[36mcucumber.publish.quiet&amp#27;[0m=&amp#27;[36mtrue&amp#27;[0m      &amp#27;[32m&amp#27;[1m│&amp#27;[0m
&amp#27;[32m&amp#27;[1m│&amp#27;[0m src/test/resources/junit-platform.properties:    &amp#27;[36mcucumber.publish.quiet&amp#27;[0m=&amp#27;[36mtrue&amp#27;[0m      &amp#27;[32m&amp#27;[1m│&amp#27;[0m
&amp#27;[32m&amp#27;[1m└───────────────────────────────────────────────────────────────────────────────────┘&amp#27;[0m
]]></system-err>
  </testcase>
</testsuite>